#
# A fatal error has been detected by the Java Runtime Environment:
#
#  Internal Error (javaClasses.cpp:136), pid=7264, tid=1408
#  fatal error: Invalid layout of preloaded class
#
# JRE version:  (7.0_67-b01) (build )
# Java VM: Java HotSpot(TM) 64-Bit Server VM (24.65-b04 mixed mode windows-amd64 compressed oops)
# Failed to write core dump. Minidumps are not enabled by default on client versions of Windows
#
# If you would like to submit a bug report, please visit:
#   http://bugreport.sun.com/bugreport/crash.jsp
#

---------------  T H R E A D  ---------------

Current thread (0x000000000255e800):  JavaThread "Unknown thread" [_thread_in_vm, id=1408, stack(0x0000000002800000,0x0000000002900000)]

Stack: [0x0000000002800000,0x0000000002900000]
[error occurred during error reporting (printing stack bounds), id 0xc0000005]


---------------  P R O C E S S  ---------------

Java Threads: ( => current thread )

Other Threads:

=>0x000000000255e800 (exited) JavaThread "Unknown thread" [_thread_in_vm, id=1408, stack(0x0000000002800000,0x0000000002900000)]

VM state:not at safepoint (not fully initialized)

VM Mutex/Monitor currently owned by a thread: None

GC Heap History (0 events):
No events

Deoptimization events (0 events):
No events

Internal exceptions (0 events):
No events

Events (10 events):
Event: 0.058 loading class 0x000000000240d9f0 done
Event: 0.058 loading class 0x000000000240d410 done
Event: 0.058 loading class 0x000000000240d3f0
Event: 0.058 loading class 0x0000000002415540
Event: 0.058 loading class 0x0000000002415540 done
Event: 0.059 loading class 0x0000000002415570
Event: 0.059 loading class 0x0000000002415570 done
Event: 0.059 loading class 0x00000000024155a0
Event: 0.059 loading class 0x00000000024155a0 done
Event: 0.059 loading class 0x000000000240d3f0 done


Dynamic libraries:
0x000000013f750000 - 0x000000013f783000 	C:\Program Files\Java\jdk1.7.0_67\bin\javaw.exe
0x0000000077250000 - 0x00000000773f9000 	C:\windows\SYSTEM32\ntdll.dll
0x0000000077030000 - 0x000000007714f000 	C:\windows\system32\kernel32.dll
0x000007fefd070000 - 0x000007fefd0dc000 	C:\windows\system32\KERNELBASE.dll
0x000007fefed50000 - 0x000007fefee2b000 	C:\windows\system32\ADVAPI32.dll
0x000007fefecb0000 - 0x000007fefed4f000 	C:\windows\system32\msvcrt.dll
0x000007fefda50000 - 0x000007fefda6f000 	C:\windows\SYSTEM32\sechost.dll
0x000007fefeb20000 - 0x000007fefec4d000 	C:\windows\system32\RPCRT4.dll
0x0000000077150000 - 0x000000007724a000 	C:\windows\system32\USER32.dll
0x000007fefd3d0000 - 0x000007fefd437000 	C:\windows\system32\GDI32.dll
0x000007fefec50000 - 0x000007fefec5e000 	C:\windows\system32\LPK.dll
0x000007feff490000 - 0x000007feff559000 	C:\windows\system32\USP10.dll
0x000007fefbb70000 - 0x000007fefbd64000 	C:\windows\WinSxS\amd64_microsoft.windows.common-controls_6595b64144ccf1df_6.0.7601.17514_none_fa396087175ac9ac\COMCTL32.dll
0x000007fefdd10000 - 0x000007fefdd81000 	C:\windows\system32\SHLWAPI.dll
0x000007fefdce0000 - 0x000007fefdd0e000 	C:\windows\system32\IMM32.DLL
0x000007fefda70000 - 0x000007fefdb79000 	C:\windows\system32\MSCTF.dll
0x000000005bf10000 - 0x000000005bfe2000 	C:\Program Files\Java\jdk1.7.0_67\jre\bin\msvcr100.dll
0x000000006b760000 - 0x000000006bf32000 	C:\Program Files\Java\jdk1.7.0_67\jre\bin\server\jvm.dll
0x000007feed510000 - 0x000007feed519000 	C:\windows\system32\WSOCK32.dll
0x000007fefec60000 - 0x000007fefecad000 	C:\windows\system32\WS2_32.dll
0x000007fefda40000 - 0x000007fefda48000 	C:\windows\system32\NSI.dll
0x000007fefd390000 - 0x000007fefd3cb000 	C:\windows\system32\WINMM.dll
0x0000000077420000 - 0x0000000077427000 	C:\windows\system32\PSAPI.DLL
0x0000000073e30000 - 0x0000000073e3f000 	C:\Program Files\Java\jdk1.7.0_67\jre\bin\verify.dll
0x000000006e930000 - 0x000000006e958000 	C:\Program Files\Java\jdk1.7.0_67\jre\bin\java.dll
0x00000000730d0000 - 0x00000000730e5000 	C:\Program Files\Java\jdk1.7.0_67\jre\bin\zip.dll

VM Arguments:
jvm_args: -Dfile.encoding=UTF-8 -Xbootclasspath:G:\adt-bundle-windows-x86_64-20140702\adt-bundle-windows-x86_64-20140702\sdk\platforms\android-19\android.jar 
java_command: com.fax.faw_vw.util.test
Launcher Type: SUN_STANDARD

Environment Variables:
JAVA_HOME=C:\Program Files\Java\jdk1.7.0_67
CLASSPATH=.;C:\Program Files\Java\jdk1.7.0_67\lib;C:\Program Files\Java\jdk1.7.0_67\lib\tools.jar;C:\Program Files (x86)\QuickTime\QTSystem\QTJava.zip
PATH=C:/Program Files/Java/jdk1.7.0_67/bin/../jre/bin/server;C:/Program Files/Java/jdk1.7.0_67/bin/../jre/bin;C:/Program Files/Java/jdk1.7.0_67/bin/../jre/lib/amd64;D:\Program Files (x86)\ActiveState Komodo Edit 8\;.;C:\Program Files\Java\jdk1.7.0_67\bin;C:\Program Files\Java\jdk1.7.0_67\jre\bin;G:\adt-bundle-windows-x86_64-20140702\adt-bundle-windows-x86_64-20140702\sdk\platform-tools;D:\oracle\product\10.2.0\db_4\bin;C:\Program Files (x86)\NVIDIA Corporation\PhysX\Common;C:\Program Files (x86)\Intel\iCLS Client\;C:\Program Files\Intel\iCLS Client\;C:\windows\system32;C:\windows;C:\windows\System32\Wbem;C:\windows\System32\WindowsPowerShell\v1.0\;C:\Program Files\Intel\Intel(R) Management Engine Components\DAL;C:\Program Files\Intel\Intel(R) Management Engine Components\IPT;C:\Program Files (x86)\Intel\Intel(R) Management Engine Components\DAL;C:\Program Files (x86)\Intel\Intel(R) Management Engine Components\IPT;D:\Program Files\MySQL\MySQL Utilities 1.3.5\;C:\Program Files (x86)\Microsoft SQL Server\100\Tools\Binn\;C:\Program Files\Microsoft SQL Server\100\Tools\Binn\;C:\Program Files\Microsoft SQL Server\100\DTS\Binn\;D:\apache-maven-3.2.3\bin;C:\Program Files (x86)\QuickTime\QTSystem\;D:\Program Files\TortoiseSVN\bin;C:\Program Files (x86)\IDM Computer Solutions\UltraEdit\;G:\adt-bundle-windows-x86_64-20140702\adt-bundle-windows-x86_64-20140702\eclipse;
USERNAME=wang
OS=Windows_NT
PROCESSOR_IDENTIFIER=Intel64 Family 6 Model 58 Stepping 9, GenuineIntel



---------------  S Y S T E M  ---------------

OS: Windows 7 , 64 bit Build 7601 Service Pack 1

CPU:total 4 (4 cores per cpu, 1 threads per core) family 6 model 58 stepping 9, cmov, cx8, fxsr, mmx, sse, sse2, sse3, ssse3, sse4.1, sse4.2, popcnt, avx, erms, tsc, tscinvbit, tscinv

Memory: 4k page, physical 4132972k(751352k free), swap 8264080k(2274992k free)

vm_info: Java HotSpot(TM) 64-Bit Server VM (24.65-b04) for windows-amd64 JRE (1.7.0_67-b01), built on Jul 25 2014 08:55:00 by "java_re" with unknown MS VC++:1600

time: Mon Nov 17 11:31:09 2014
elapsed time: 0 seconds

